-------------------------------------------------------------------------------
Test set: ece325.TestCases.MultiplicationTests
-------------------------------------------------------------------------------
Tests run: 1, Failures: 0, Errors: 1, Skipped: 0, Time elapsed: 0.001 s <<< FAILURE! - in ece325.TestCases.MultiplicationTests
initializationError(ece325.TestCases.MultiplicationTests)  Time elapsed: 0 s  <<< ERROR!
java.lang.NoClassDefFoundError: LCalculator;
Caused by: java.lang.ClassNotFoundException: Calculator

