-------------------------------------------------------------------------------
Test set: ece325.TestCases.CreationTests
-------------------------------------------------------------------------------
Tests run: 1, Failures: 0, Errors: 1, Skipped: 0, Time elapsed: 0 s <<< FAILURE! - in ece325.TestCases.CreationTests
initializationError(ece325.TestCases.CreationTests)  Time elapsed: 0 s  <<< ERROR!
java.lang.NoClassDefFoundError: LCalculator;
Caused by: java.lang.ClassNotFoundException: Calculator

