-------------------------------------------------------------------------------
Test set: ece325.TestCases.SolveQuadraticTests
-------------------------------------------------------------------------------
Tests run: 5, Failures: 1, Errors: 0, Skipped: 0, Time elapsed: 0.012 s <<< FAILURE! - in ece325.TestCases.SolveQuadraticTests
testRandomSolvableQuadratic(ece325.TestCases.SolveQuadraticTests)  Time elapsed: 0.001 s  <<< FAILURE!
java.lang.AssertionError
	at ece325.TestCases.SolveQuadraticTests.testRandomSolvableQuadraticOnce(SolveQuadraticTests.java:62)
	at ece325.TestCases.SolveQuadraticTests.testRandomSolvableQuadratic(SolveQuadraticTests.java:74)

