<?xml version="1.0" encoding="UTF-8"?>
<testsuite xmlns:xsi="http://www.w3.org/2001/XMLSchema-instance" xsi:noNamespaceSchemaLocation="https://maven.apache.org/surefire/maven-surefire-plugin/xsd/surefire-test-report.xsd" name="ece325.TestCases.SubtractionTests" time="0.018" tests="3" errors="0" skipped="0" failures="0">
  <properties>
[...]
</properties>
  <testcase name="testRandomSubtraction" classname="ece325.TestCases.SubtractionTests" time="0"/>
  <testcase name="testBasicSubtraction" classname="ece325.TestCases.SubtractionTests" time="0"/>
  <testcase name="testSubtractionNegativeNumber" classname="ece325.TestCases.SubtractionTests" time="0"/>
</testsuite>