<?xml version="1.0" encoding="UTF-8"?>
<testsuite xmlns:xsi="http://www.w3.org/2001/XMLSchema-instance" xsi:noNamespaceSchemaLocation="https://maven.apache.org/surefire/maven-surefire-plugin/xsd/surefire-test-report.xsd" name="ece325.SongTest" time="0.104" tests="7" errors="0" skipped="0" failures="0">
  <properties>
[...]
</properties>
  <testcase name="test_isArtist" classname="ece325.SongTest" time="0.008"/>
  <testcase name="test_equals" classname="ece325.SongTest" time="0.001"/>
  <testcase name="test_Constructor" classname="ece325.SongTest" time="0.001"/>
  <testcase name="test_getArtist" classname="ece325.SongTest" time="0.001"/>
  <testcase name="test_getLength" classname="ece325.SongTest" time="0.001"/>
  <testcase name="test_getTitle" classname="ece325.SongTest" time="0.003"/>
  <testcase name="test_isTitle" classname="ece325.SongTest" time="0"/>
</testsuite>