-------------------------------------------------------------------------------
Test set: ece325.TestSuites.AllTests
-------------------------------------------------------------------------------
Tests run: 26, Failures: 1, Errors: 0, Skipped: 0, Time elapsed: 0.069 s <<< FAILURE! - in ece325.TestSuites.AllTests
testRandomSolvableQuadratic(ece325.TestCases.SolveQuadraticTests)  Time elapsed: 0.004 s  <<< FAILURE!
java.lang.AssertionError
	at ece325.TestCases.SolveQuadraticTests.testRandomSolvableQuadraticOnce(SolveQuadraticTests.java:63)
	at ece325.TestCases.SolveQuadraticTests.testRandomSolvableQuadratic(SolveQuadraticTests.java:69)

