<?xml version="1.0" encoding="UTF-8"?>
<testsuite xmlns:xsi="http://www.w3.org/2001/XMLSchema-instance" xsi:noNamespaceSchemaLocation="https://maven.apache.org/surefire/maven-surefire-plugin/xsd/surefire-test-report.xsd" name="ece325.TestCases.CoffeeTests" time="0.16" tests="1" errors="0" skipped="0" failures="0">
  <properties>
[...]
</properties>
  <null
    <null
      <null
        <null
          <null
            <null
              <HEAD
                <testcase name="testComparable" classname="ece325.TestCases.CoffeeTests" time="0" />
                =======
                <testcase name="testComparable" classname="ece325.TestCases.CoffeeTests" time="0.112" />
                >>>>>>> f8acf5d2edfefab05673f0528f635c1cd4fbea40
</testsuite>